<?xml version="1.0" encoding="UTF-8"?>
<testsuite xmlns:xsi="http://www.w3.org/2001/XMLSchema-instance" xsi:noNamespaceSchemaLocation="https://maven.apache.org/surefire/maven-surefire-plugin/xsd/surefire-test-report-3.0.xsd" version="3.0" name="com.upiiz.securitydb.SecuritydbApplicationTests" time="8.473" tests="1" errors="0" skipped="0" failures="0">
  <properties>
[...]
</properties>
  <testcase name="contextLoads" classname="com.upiiz.securitydb.SecuritydbApplicationTests" time="0.742">
    <system-out><![CDATA[18:57:56.674 [main] INFO org.springframework.test.context.support.AnnotationConfigContextLoaderUtils -- Could not detect default configuration classes for test class [com.upiiz.securitydb.SecuritydbApplicationTests]: SecuritydbApplicationTests does not declare any static, non-private, non-final, nested classes annotated with @Configuration.
18:57:56.816 [main] INFO org.springframework.boot.test.context.SpringBootTestContextBootstrapper -- Found @SpringBootConfiguration com.upiiz.securitydb.SecuritydbApplication for test class com.upiiz.securitydb.SecuritydbApplicationTests
18:57:57.064 [main] INFO org.springframework.boot.devtools.restart.RestartApplicationListener -- Restart disabled due to context in which it is running

  .   ____          _            __ _ _
 /\\ / ___'_ __ _ _(_)_ __  __ _ \ \ \ \
( ( )\___ | '_ | '_| | '_ \/ _` | \ \ \ \
 \\/  ___)| |_)| | | | | || (_| |  ) ) ) )
  '  |____| .__|_| |_|_| |_\__, | / / / /
 =========|_|==============|___/=/_/_/_/

 :: Spring Boot ::                (v3.3.5)

2024-12-04T18:57:57.407-06:00  INFO 12320 --- [securitydb] [           main] c.u.s.SecuritydbApplicationTests         : Starting SecuritydbApplicationTests using Java 21.0.2 with PID 12320 (started by migue in C:\Users\migue\Downloads\secu\securitydb)
2024-12-04T18:57:57.407-06:00  INFO 12320 --- [securitydb] [           main] c.u.s.SecuritydbApplicationTests         : No active profile set, falling back to 1 default profile: "default"
2024-12-04T18:57:58.724-06:00  INFO 12320 --- [securitydb] [           main] .s.d.r.c.RepositoryConfigurationDelegate : Bootstrapping Spring Data JPA repositories in DEFAULT mode.
2024-12-04T18:57:58.818-06:00  INFO 12320 --- [securitydb] [           main] .s.d.r.c.RepositoryConfigurationDelegate : Finished Spring Data repository scanning in 80 ms. Found 1 JPA repository interface.
2024-12-04T18:57:59.613-06:00  INFO 12320 --- [securitydb] [           main] o.hibernate.jpa.internal.util.LogHelper  : HHH000204: Processing PersistenceUnitInfo [name: default]
2024-12-04T18:57:59.757-06:00  INFO 12320 --- [securitydb] [           main] org.hibernate.Version                    : HHH000412: Hibernate ORM core version 6.5.3.Final
2024-12-04T18:57:59.824-06:00  INFO 12320 --- [securitydb] [           main] o.h.c.internal.RegionFactoryInitiator    : HHH000026: Second-level cache disabled
2024-12-04T18:58:00.402-06:00  INFO 12320 --- [securitydb] [           main] o.s.o.j.p.SpringPersistenceUnitInfo      : No LoadTimeWeaver setup: ignoring JPA class transformer
2024-12-04T18:58:00.472-06:00  INFO 12320 --- [securitydb] [           main] com.zaxxer.hikari.HikariDataSource       : HikariPool-1 - Starting...
2024-12-04T18:58:00.715-06:00  INFO 12320 --- [securitydb] [           main] com.zaxxer.hikari.pool.HikariPool        : HikariPool-1 - Added connection com.mysql.cj.jdbc.ConnectionImpl@7540160e
2024-12-04T18:58:00.715-06:00  INFO 12320 --- [securitydb] [           main] com.zaxxer.hikari.HikariDataSource       : HikariPool-1 - Start completed.
2024-12-04T18:58:00.752-06:00  WARN 12320 --- [securitydb] [           main] org.hibernate.orm.deprecation            : HHH90000025: MySQL8Dialect does not need to be specified explicitly using 'hibernate.dialect' (remove the property setting and it will be selected by default)
2024-12-04T18:58:00.753-06:00  WARN 12320 --- [securitydb] [           main] org.hibernate.orm.deprecation            : HHH90000026: MySQL8Dialect has been deprecated; use org.hibernate.dialect.MySQLDialect instead
2024-12-04T18:58:02.013-06:00  INFO 12320 --- [securitydb] [           main] o.h.e.t.j.p.i.JtaPlatformInitiator       : HHH000489: No JTA platform available (set 'hibernate.transaction.jta.platform' to enable JTA platform integration)
Hibernate: alter table rol_permission drop foreign key FKluxoa83a50hkhfq5x79kwu4ji
Hibernate: alter table rol_permission drop foreign key FKjvemhggh438595shu1cqa6y98
Hibernate: alter table user_roles drop foreign key FKhibwdx7x4plssg6prkfvc3qv2
Hibernate: alter table user_roles drop foreign key FKhfh9dx7w3ubf1co1vdev94g3f
Hibernate: drop table if exists permissions
Hibernate: drop table if exists rol_permission
Hibernate: drop table if exists roles
Hibernate: drop table if exists user_roles
Hibernate: drop table if exists users
Hibernate: create table permissions (id bigint not null auto_increment, name varchar(255) not null, primary key (id)) engine=InnoDB
Hibernate: create table rol_permission (permission_id bigint not null, rol_id bigint not null, primary key (permission_id, rol_id)) engine=InnoDB
Hibernate: create table roles (id bigint not null auto_increment, rol_name enum ('ADMIN','DEVELOPER','GUEST','USERT'), primary key (id)) engine=InnoDB
Hibernate: create table user_roles (rol_id bigint not null, user_id bigint not null, primary key (rol_id, user_id)) engine=InnoDB
Hibernate: create table users (account_no_expired bit, account_no_locked bit, credential_no_expired bit, is_enable bit, id bigint not null auto_increment, password varchar(255), user_name varchar(255), primary key (id)) engine=InnoDB
Hibernate: alter table permissions add constraint UKpnvtwliis6p05pn6i3ndjrqt2 unique (name)
Hibernate: alter table users add constraint UKk8d0f2n7n88w1a16yhua64onx unique (user_name)
Hibernate: alter table rol_permission add constraint FKluxoa83a50hkhfq5x79kwu4ji foreign key (permission_id) references permissions (id)
Hibernate: alter table rol_permission add constraint FKjvemhggh438595shu1cqa6y98 foreign key (rol_id) references roles (id)
Hibernate: alter table user_roles add constraint FKhibwdx7x4plssg6prkfvc3qv2 foreign key (rol_id) references roles (id)
Hibernate: alter table user_roles add constraint FKhfh9dx7w3ubf1co1vdev94g3f foreign key (user_id) references users (id)
2024-12-04T18:58:02.324-06:00  INFO 12320 --- [securitydb] [           main] j.LocalContainerEntityManagerFactoryBean : Initialized JPA EntityManagerFactory for persistence unit 'default'
2024-12-04T18:58:02.891-06:00  WARN 12320 --- [securitydb] [           main] JpaBaseConfiguration$JpaWebConfiguration : spring.jpa.open-in-view is enabled by default. Therefore, database queries may be performed during view rendering. Explicitly configure spring.jpa.open-in-view to disable this warning
2024-12-04T18:58:02.963-06:00  INFO 12320 --- [securitydb] [           main] eAuthenticationProviderManagerConfigurer : Global AuthenticationManager configured with AuthenticationProvider bean with name authenticationProvider
2024-12-04T18:58:02.963-06:00  WARN 12320 --- [securitydb] [           main] r$InitializeUserDetailsManagerConfigurer : Global AuthenticationManager configured with an AuthenticationProvider bean. UserDetailsService beans will not be used for username/password login. Consider removing the AuthenticationProvider bean. Alternatively, consider using the UserDetailsService in a manually instantiated DaoAuthenticationProvider.
2024-12-04T18:58:04.070-06:00  INFO 12320 --- [securitydb] [           main] c.u.s.SecuritydbApplicationTests         : Started SecuritydbApplicationTests in 7.023 seconds (process running for 8.744)
]]></system-out>
    <system-err><![CDATA[WARNING: A Java agent has been loaded dynamically (C:\Users\migue\.m2\repository\net\bytebuddy\byte-buddy-agent\1.14.19\byte-buddy-agent-1.14.19.jar)
WARNING: If a serviceability tool is in use, please run with -XX:+EnableDynamicAgentLoading to hide this warning
WARNING: If a serviceability tool is not in use, please run with -Djdk.instrument.traceUsage for more information
WARNING: Dynamic loading of agents will be disallowed by default in a future release
]]></system-err>
  </testcase>
</testsuite>